{"D:\\Files\\Code\\Picsur\\shared\\src\\dto\\mimes.dto.ts": {"path":"D:\\Files\\Code\\Picsur\\shared\\src\\dto\\mimes.dto.ts","statementMap":{"0":{"start":{"line":4,"column":0},"end":{"line":4,"column":null}},"1":{"start":{"line":5,"column":2},"end":{"line":5,"column":null}},"2":{"start":{"line":6,"column":2},"end":{"line":6,"column":null}},"3":{"start":{"line":7,"column":2},"end":{"line":7,"column":null}},"4":{"start":{"line":8,"column":2},"end":{"line":8,"column":null}},"5":{"start":{"line":9,"column":2},"end":{"line":9,"column":null}},"6":{"start":{"line":10,"column":2},"end":{"line":10,"column":null}},"7":{"start":{"line":11,"column":2},"end":{"line":11,"column":null}},"8":{"start":{"line":12,"column":2},"end":{"line":12,"column":null}},"9":{"start":{"line":13,"column":2},"end":{"line":13,"column":null}},"10":{"start":{"line":14,"column":2},"end":{"line":14,"column":null}},"11":{"start":{"line":18,"column":0},"end":{"line":18,"column":null}},"12":{"start":{"line":19,"column":2},"end":{"line":19,"column":null}},"13":{"start":{"line":20,"column":2},"end":{"line":20,"column":null}},"14":{"start":{"line":24,"column":0},"end":{"line":24,"column":null}},"15":{"start":{"line":25,"column":2},"end":{"line":25,"column":null}},"16":{"start":{"line":26,"column":2},"end":{"line":26,"column":null}},"17":{"start":{"line":27,"column":2},"end":{"line":27,"column":null}},"18":{"start":{"line":28,"column":2},"end":{"line":28,"column":null}},"19":{"start":{"line":29,"column":2},"end":{"line":29,"column":null}},"20":{"start":{"line":30,"column":2},"end":{"line":30,"column":null}},"21":{"start":{"line":35,"column":49},"end":{"line":35,"column":77}},"22":{"start":{"line":36,"column":48},"end":{"line":36,"column":75}},"23":{"start":{"line":37,"column":49},"end":{"line":37,"column":77}},"24":{"start":{"line":38,"column":44},"end":{"line":42,"column":2}},"25":{"start":{"line":44,"column":0},"end":{"line":44,"column":null}},"26":{"start":{"line":45,"column":2},"end":{"line":45,"column":null}},"27":{"start":{"line":46,"column":2},"end":{"line":46,"column":null}},"28":{"start":{"line":47,"column":2},"end":{"line":47,"column":null}},"29":{"start":{"line":61,"column":4},"end":{"line":82,"column":2}},"30":{"start":{"line":84,"column":29},"end":{"line":91,"column":1}},"31":{"start":{"line":85,"column":18},"end":{"line":86,"column":null}},"32":{"start":{"line":86,"column":15},"end":{"line":86,"column":25}},"33":{"start":{"line":88,"column":2},"end":{"line":89,"column":74}},"34":{"start":{"line":89,"column":4},"end":{"line":89,"column":74}},"35":{"start":{"line":90,"column":2},"end":{"line":90,"column":23}},"36":{"start":{"line":92,"column":29},"end":{"line":97,"column":1}},"37":{"start":{"line":93,"column":17},"end":{"line":93,"column":91}},"38":{"start":{"line":94,"column":2},"end":{"line":95,"column":77}},"39":{"start":{"line":95,"column":4},"end":{"line":95,"column":77}},"40":{"start":{"line":96,"column":2},"end":{"line":96,"column":16}},"41":{"start":{"line":103,"column":4},"end":{"line":124,"column":2}},"42":{"start":{"line":126,"column":28},"end":{"line":131,"column":1}},"43":{"start":{"line":127,"column":18},"end":{"line":127,"column":78}},"44":{"start":{"line":127,"column":68},"end":{"line":127,"column":77}},"45":{"start":{"line":128,"column":2},"end":{"line":129,"column":67}},"46":{"start":{"line":129,"column":4},"end":{"line":129,"column":67}},"47":{"start":{"line":130,"column":2},"end":{"line":130,"column":23}},"48":{"start":{"line":133,"column":28},"end":{"line":138,"column":1}},"49":{"start":{"line":134,"column":17},"end":{"line":134,"column":86}},"50":{"start":{"line":135,"column":2},"end":{"line":136,"column":74}},"51":{"start":{"line":136,"column":4},"end":{"line":136,"column":74}},"52":{"start":{"line":137,"column":2},"end":{"line":137,"column":16}}},"fnMap":{"0":{"name":"(anonymous_0)","decl":{"start":{"line":4,"column":0},"end":{"line":4,"column":6}},"loc":{"start":{"line":4,"column":25},"end":{"line":16,"column":1}}},"1":{"name":"(anonymous_1)","decl":{"start":{"line":18,"column":0},"end":{"line":18,"column":6}},"loc":{"start":{"line":18,"column":24},"end":{"line":22,"column":1}}},"2":{"name":"(anonymous_2)","decl":{"start":{"line":24,"column":0},"end":{"line":24,"column":6}},"loc":{"start":{"line":24,"column":25},"end":{"line":31,"column":1}}},"3":{"name":"(anonymous_3)","decl":{"start":{"line":44,"column":0},"end":{"line":44,"column":6}},"loc":{"start":{"line":44,"column":37},"end":{"line":48,"column":1}}},"4":{"name":"(anonymous_4)","decl":{"start":{"line":84,"column":29},"end":{"line":84,"column":30}},"loc":{"start":{"line":84,"column":64},"end":{"line":91,"column":1}}},"5":{"name":"(anonymous_5)","decl":{"start":{"line":86,"column":4},"end":{"line":86,"column":5}},"loc":{"start":{"line":86,"column":15},"end":{"line":86,"column":25}}},"6":{"name":"(anonymous_6)","decl":{"start":{"line":92,"column":29},"end":{"line":92,"column":30}},"loc":{"start":{"line":92,"column":68},"end":{"line":97,"column":1}}},"7":{"name":"(anonymous_7)","decl":{"start":{"line":126,"column":28},"end":{"line":126,"column":29}},"loc":{"start":{"line":126,"column":62},"end":{"line":131,"column":1}}},"8":{"name":"(anonymous_8)","decl":{"start":{"line":127,"column":57},"end":{"line":127,"column":58}},"loc":{"start":{"line":127,"column":68},"end":{"line":127,"column":77}}},"9":{"name":"(anonymous_9)","decl":{"start":{"line":133,"column":28},"end":{"line":133,"column":29}},"loc":{"start":{"line":133,"column":63},"end":{"line":138,"column":1}}}},"branchMap":{"0":{"loc":{"start":{"line":4,"column":12},"end":{"line":4,"column":null}},"type":"binary-expr","locations":[{"start":{"line":4,"column":12},"end":{"line":4,"column":25}},{"start":{"line":4,"column":12},"end":{"line":4,"column":null}}]},"1":{"loc":{"start":{"line":18,"column":12},"end":{"line":18,"column":null}},"type":"binary-expr","locations":[{"start":{"line":18,"column":12},"end":{"line":18,"column":24}},{"start":{"line":18,"column":12},"end":{"line":18,"column":null}}]},"2":{"loc":{"start":{"line":24,"column":12},"end":{"line":24,"column":null}},"type":"binary-expr","locations":[{"start":{"line":24,"column":12},"end":{"line":24,"column":25}},{"start":{"line":24,"column":12},"end":{"line":24,"column":null}}]},"3":{"loc":{"start":{"line":44,"column":12},"end":{"line":44,"column":null}},"type":"binary-expr","locations":[{"start":{"line":44,"column":12},"end":{"line":44,"column":37}},{"start":{"line":44,"column":12},"end":{"line":44,"column":null}}]},"4":{"loc":{"start":{"line":88,"column":2},"end":{"line":89,"column":74}},"type":"if","locations":[{"start":{"line":88,"column":2},"end":{"line":89,"column":74}},{"start":{},"end":{}}]},"5":{"loc":{"start":{"line":94,"column":2},"end":{"line":95,"column":77}},"type":"if","locations":[{"start":{"line":94,"column":2},"end":{"line":95,"column":77}},{"start":{},"end":{}}]},"6":{"loc":{"start":{"line":128,"column":2},"end":{"line":129,"column":67}},"type":"if","locations":[{"start":{"line":128,"column":2},"end":{"line":129,"column":67}},{"start":{},"end":{}}]},"7":{"loc":{"start":{"line":135,"column":2},"end":{"line":136,"column":74}},"type":"if","locations":[{"start":{"line":135,"column":2},"end":{"line":136,"column":74}},{"start":{},"end":{}}]}},"s":{"0":2,"1":2,"2":2,"3":2,"4":2,"5":2,"6":2,"7":2,"8":2,"9":2,"10":2,"11":2,"12":2,"13":2,"14":2,"15":2,"16":2,"17":2,"18":2,"19":2,"20":2,"21":2,"22":2,"23":2,"24":2,"25":2,"26":2,"27":2,"28":2,"29":2,"30":2,"31":0,"32":0,"33":0,"34":0,"35":0,"36":2,"37":7,"38":7,"39":1,"40":6,"41":2,"42":2,"43":0,"44":0,"45":0,"46":0,"47":0,"48":2,"49":7,"50":7,"51":1,"52":6},"f":{"0":2,"1":2,"2":2,"3":2,"4":0,"5":0,"6":7,"7":0,"8":0,"9":7},"b":{"0":[2,2],"1":[2,2],"2":[2,2],"3":[2,2],"4":[0,0],"5":[1,6],"6":[0,0],"7":[1,6]}}
,"D:\\Files\\Code\\Picsur\\shared\\src\\types\\failable.ts": {"path":"D:\\Files\\Code\\Picsur\\shared\\src\\types\\failable.ts","statementMap":{"0":{"start":{"line":7,"column":0},"end":{"line":7,"column":null}},"1":{"start":{"line":8,"column":2},"end":{"line":8,"column":null}},"2":{"start":{"line":9,"column":2},"end":{"line":9,"column":null}},"3":{"start":{"line":10,"column":2},"end":{"line":10,"column":null}},"4":{"start":{"line":11,"column":2},"end":{"line":11,"column":null}},"5":{"start":{"line":12,"column":2},"end":{"line":12,"column":null}},"6":{"start":{"line":13,"column":2},"end":{"line":13,"column":null}},"7":{"start":{"line":14,"column":2},"end":{"line":14,"column":null}},"8":{"start":{"line":15,"column":2},"end":{"line":15,"column":null}},"9":{"start":{"line":16,"column":2},"end":{"line":16,"column":null}},"10":{"start":{"line":17,"column":2},"end":{"line":17,"column":null}},"11":{"start":{"line":18,"column":2},"end":{"line":18,"column":null}},"12":{"start":{"line":19,"column":2},"end":{"line":19,"column":null}},"13":{"start":{"line":20,"column":2},"end":{"line":20,"column":null}},"14":{"start":{"line":21,"column":2},"end":{"line":21,"column":null}},"15":{"start":{"line":38,"column":4},"end":{"line":109,"column":2}},"16":{"start":{"line":112,"column":47},"end":{"line":112,"column":57}},"17":{"start":{"line":115,"column":21},"end":{"line":115,"column":32}},"18":{"start":{"line":116,"column":21},"end":{"line":116,"column":36}},"19":{"start":{"line":117,"column":21},"end":{"line":117,"column":35}},"20":{"start":{"line":118,"column":21},"end":{"line":118,"column":42}},"21":{"start":{"line":122,"column":4},"end":{"line":122,"column":36}},"22":{"start":{"line":126,"column":4},"end":{"line":126,"column":22}},"23":{"start":{"line":130,"column":4},"end":{"line":130,"column":29}},"24":{"start":{"line":134,"column":4},"end":{"line":134,"column":21}},"25":{"start":{"line":139,"column":6},"end":{"line":139,"column":60}},"26":{"start":{"line":140,"column":4},"end":{"line":140,"column":39}},"27":{"start":{"line":144,"column":4},"end":{"line":144,"column":35}},"28":{"start":{"line":148,"column":4},"end":{"line":148,"column":40}},"29":{"start":{"line":158,"column":20},"end":{"line":158,"column":36}},"30":{"start":{"line":160,"column":6},"end":{"line":160,"column":78}},"31":{"start":{"line":162,"column":19},"end":{"line":162,"column":62}},"32":{"start":{"line":163,"column":20},"end":{"line":163,"column":63}},"33":{"start":{"line":165,"column":4},"end":{"line":173,"column":5}},"34":{"start":{"line":166,"column":6},"end":{"line":166,"column":28}},"35":{"start":{"line":167,"column":20},"end":{"line":167,"column":35}},"36":{"start":{"line":168,"column":6},"end":{"line":170,"column":7}},"37":{"start":{"line":169,"column":8},"end":{"line":169,"column":28}},"38":{"start":{"line":172,"column":6},"end":{"line":172,"column":27}},"39":{"start":{"line":177,"column":4},"end":{"line":180,"column":6}},"40":{"start":{"line":184,"column":18},"end":{"line":184,"column":29}},"41":{"start":{"line":185,"column":5},"end":{"line":185,"column":34}},"42":{"start":{"line":186,"column":4},"end":{"line":186,"column":17}},"43":{"start":{"line":190,"column":4},"end":{"line":192,"column":5}},"44":{"start":{"line":191,"column":6},"end":{"line":191,"column":46}},"45":{"start":{"line":194,"column":4},"end":{"line":194,"column":78}},"46":{"start":{"line":199,"column":2},"end":{"line":201,"column":3}},"47":{"start":{"line":200,"column":4},"end":{"line":200,"column":72}},"48":{"start":{"line":203,"column":2},"end":{"line":259,"column":3}},"49":{"start":{"line":204,"column":4},"end":{"line":237,"column":5}},"50":{"start":{"line":206,"column":6},"end":{"line":211,"column":8}},"51":{"start":{"line":212,"column":11},"end":{"line":237,"column":5}},"52":{"start":{"line":214,"column":6},"end":{"line":219,"column":8}},"53":{"start":{"line":220,"column":11},"end":{"line":237,"column":5}},"54":{"start":{"line":223,"column":6},"end":{"line":228,"column":8}},"55":{"start":{"line":231,"column":6},"end":{"line":236,"column":8}},"56":{"start":{"line":240,"column":22},"end":{"line":240,"column":65}},"57":{"start":{"line":242,"column":4},"end":{"line":258,"column":5}},"58":{"start":{"line":243,"column":6},"end":{"line":248,"column":8}},"59":{"start":{"line":249,"column":11},"end":{"line":258,"column":5}},"60":{"start":{"line":250,"column":6},"end":{"line":250,"column":78}},"61":{"start":{"line":252,"column":6},"end":{"line":257,"column":8}},"62":{"start":{"line":263,"column":2},"end":{"line":263,"column":66}},"63":{"start":{"line":271,"column":2},"end":{"line":271,"column":79}},"64":{"start":{"line":271,"column":35},"end":{"line":271,"column":79}},"65":{"start":{"line":272,"column":2},"end":{"line":272,"column":50}},"66":{"start":{"line":272,"column":37},"end":{"line":272,"column":50}},"67":{"start":{"line":273,"column":2},"end":{"line":273,"column":77}},"68":{"start":{"line":277,"column":2},"end":{"line":277,"column":80}},"69":{"start":{"line":277,"column":35},"end":{"line":277,"column":80}},"70":{"start":{"line":278,"column":2},"end":{"line":278,"column":77}},"71":{"start":{"line":282,"column":2},"end":{"line":284,"column":3}},"72":{"start":{"line":283,"column":4},"end":{"line":283,"column":19}},"73":{"start":{"line":286,"column":2},"end":{"line":286,"column":18}},"74":{"start":{"line":294,"column":2},"end":{"line":297,"column":3}},"75":{"start":{"line":295,"column":4},"end":{"line":295,"column":63}},"76":{"start":{"line":295,"column":16},"end":{"line":295,"column":63}},"77":{"start":{"line":296,"column":4},"end":{"line":296,"column":20}},"78":{"start":{"line":299,"column":2},"end":{"line":299,"column":18}},"79":{"start":{"line":306,"column":2},"end":{"line":306,"column":43}},"80":{"start":{"line":306,"column":27},"end":{"line":306,"column":43}},"81":{"start":{"line":307,"column":2},"end":{"line":307,"column":26}},"82":{"start":{"line":314,"column":2},"end":{"line":314,"column":43}},"83":{"start":{"line":314,"column":27},"end":{"line":314,"column":43}},"84":{"start":{"line":315,"column":2},"end":{"line":315,"column":23}}},"fnMap":{"0":{"name":"(anonymous_0)","decl":{"start":{"line":7,"column":0},"end":{"line":7,"column":6}},"loc":{"start":{"line":7,"column":14},"end":{"line":22,"column":1}}},"1":{"name":"(anonymous_1)","decl":{"start":{"line":114,"column":2},"end":{"line":114,"column":null}},"loc":{"start":{"line":118,"column":42},"end":{"line":119,"column":6}}},"2":{"name":"(anonymous_2)","decl":{"start":{"line":121,"column":2},"end":{"line":121,"column":11}},"loc":{"start":{"line":121,"column":11},"end":{"line":123,"column":3}}},"3":{"name":"(anonymous_3)","decl":{"start":{"line":125,"column":2},"end":{"line":125,"column":10}},"loc":{"start":{"line":125,"column":10},"end":{"line":127,"column":3}}},"4":{"name":"(anonymous_4)","decl":{"start":{"line":129,"column":2},"end":{"line":129,"column":17}},"loc":{"start":{"line":129,"column":17},"end":{"line":131,"column":3}}},"5":{"name":"(anonymous_5)","decl":{"start":{"line":133,"column":2},"end":{"line":133,"column":9}},"loc":{"start":{"line":133,"column":9},"end":{"line":135,"column":3}}},"6":{"name":"(anonymous_6)","decl":{"start":{"line":137,"column":2},"end":{"line":137,"column":9}},"loc":{"start":{"line":137,"column":9},"end":{"line":141,"column":3}}},"7":{"name":"(anonymous_7)","decl":{"start":{"line":143,"column":2},"end":{"line":143,"column":9}},"loc":{"start":{"line":143,"column":9},"end":{"line":145,"column":3}}},"8":{"name":"(anonymous_8)","decl":{"start":{"line":147,"column":2},"end":{"line":147,"column":13}},"loc":{"start":{"line":147,"column":13},"end":{"line":149,"column":3}}},"9":{"name":"(anonymous_9)","decl":{"start":{"line":151,"column":2},"end":{"line":151,"column":7}},"loc":{"start":{"line":156,"column":5},"end":{"line":174,"column":3}}},"10":{"name":"(anonymous_10)","decl":{"start":{"line":176,"column":2},"end":{"line":176,"column":10}},"loc":{"start":{"line":176,"column":10},"end":{"line":181,"column":3}}},"11":{"name":"(anonymous_11)","decl":{"start":{"line":183,"column":2},"end":{"line":183,"column":9}},"loc":{"start":{"line":183,"column":9},"end":{"line":187,"column":3}}},"12":{"name":"(anonymous_12)","decl":{"start":{"line":189,"column":2},"end":{"line":189,"column":8}},"loc":{"start":{"line":189,"column":30},"end":{"line":195,"column":3}}},"13":{"name":"Fail","decl":{"start":{"line":198,"column":16},"end":{"line":198,"column":20}},"loc":{"start":{"line":198,"column":60},"end":{"line":260,"column":1}}},"14":{"name":"IsFailure","decl":{"start":{"line":262,"column":16},"end":{"line":262,"column":25}},"loc":{"start":{"line":262,"column":36},"end":{"line":264,"column":1}}},"15":{"name":"HasFailed","decl":{"start":{"line":270,"column":16},"end":{"line":270,"column":25}},"loc":{"start":{"line":270,"column":50},"end":{"line":274,"column":1}}},"16":{"name":"HasSuccess","decl":{"start":{"line":276,"column":16},"end":{"line":276,"column":26}},"loc":{"start":{"line":276,"column":51},"end":{"line":279,"column":1}}},"17":{"name":"ThrowIfFailed","decl":{"start":{"line":281,"column":16},"end":{"line":281,"column":29}},"loc":{"start":{"line":281,"column":54},"end":{"line":287,"column":1}}},"18":{"name":"FallbackIfFailed","decl":{"start":{"line":289,"column":16},"end":{"line":289,"column":32}},"loc":{"start":{"line":292,"column":18},"end":{"line":300,"column":1}}},"19":{"name":"Map","decl":{"start":{"line":302,"column":16},"end":{"line":302,"column":19}},"loc":{"start":{"line":304,"column":25},"end":{"line":308,"column":1}}},"20":{"name":"Open","decl":{"start":{"line":310,"column":16},"end":{"line":310,"column":20}},"loc":{"start":{"line":312,"column":8},"end":{"line":316,"column":1}}}},"branchMap":{"0":{"loc":{"start":{"line":7,"column":12},"end":{"line":7,"column":null}},"type":"binary-expr","locations":[{"start":{"line":7,"column":12},"end":{"line":7,"column":14}},{"start":{"line":7,"column":12},"end":{"line":7,"column":null}}]},"1":{"loc":{"start":{"line":115,"column":21},"end":{"line":115,"column":42}},"type":"default-arg","locations":[{"start":{"line":115,"column":32},"end":{"line":115,"column":42}}]},"2":{"loc":{"start":{"line":122,"column":11},"end":{"line":122,"column":35}},"type":"binary-expr","locations":[{"start":{"line":122,"column":11},"end":{"line":122,"column":22}},{"start":{"line":122,"column":26},"end":{"line":122,"column":35}}]},"3":{"loc":{"start":{"line":160,"column":17},"end":{"line":160,"column":77}},"type":"cond-expr","locations":[{"start":{"line":160,"column":42},"end":{"line":160,"column":72}},{"start":{"line":160,"column":75},"end":{"line":160,"column":77}}]},"4":{"loc":{"start":{"line":162,"column":19},"end":{"line":162,"column":62}},"type":"cond-expr","locations":[{"start":{"line":162,"column":37},"end":{"line":162,"column":57}},{"start":{"line":162,"column":60},"end":{"line":162,"column":62}}]},"5":{"loc":{"start":{"line":165,"column":4},"end":{"line":173,"column":5}},"type":"if","locations":[{"start":{"line":165,"column":4},"end":{"line":173,"column":5}},{"start":{"line":171,"column":11},"end":{"line":173,"column":5}}]},"6":{"loc":{"start":{"line":165,"column":8},"end":{"line":165,"column":60}},"type":"binary-expr","locations":[{"start":{"line":165,"column":8},"end":{"line":165,"column":26}},{"start":{"line":165,"column":30},"end":{"line":165,"column":60}}]},"7":{"loc":{"start":{"line":168,"column":6},"end":{"line":170,"column":7}},"type":"if","locations":[{"start":{"line":168,"column":6},"end":{"line":170,"column":7}},{"start":{},"end":{}}]},"8":{"loc":{"start":{"line":179,"column":7},"end":{"line":179,"column":50}},"type":"cond-expr","locations":[{"start":{"line":179,"column":28},"end":{"line":179,"column":45}},{"start":{"line":179,"column":48},"end":{"line":179,"column":50}}]},"9":{"loc":{"start":{"line":190,"column":4},"end":{"line":192,"column":5}},"type":"if","locations":[{"start":{"line":190,"column":4},"end":{"line":192,"column":5}},{"start":{},"end":{}}]},"10":{"loc":{"start":{"line":199,"column":2},"end":{"line":201,"column":3}},"type":"if","locations":[{"start":{"line":199,"column":2},"end":{"line":201,"column":3}},{"start":{},"end":{}}]},"11":{"loc":{"start":{"line":199,"column":6},"end":{"line":199,"column":47}},"type":"binary-expr","locations":[{"start":{"line":199,"column":6},"end":{"line":199,"column":23}},{"start":{"line":199,"column":27},"end":{"line":199,"column":47}}]},"12":{"loc":{"start":{"line":203,"column":2},"end":{"line":259,"column":3}},"type":"if","locations":[{"start":{"line":203,"column":2},"end":{"line":259,"column":3}},{"start":{"line":238,"column":9},"end":{"line":259,"column":3}}]},"13":{"loc":{"start":{"line":203,"column":6},"end":{"line":203,"column":51}},"type":"binary-expr","locations":[{"start":{"line":203,"column":6},"end":{"line":203,"column":29}},{"start":{"line":203,"column":33},"end":{"line":203,"column":51}}]},"14":{"loc":{"start":{"line":204,"column":4},"end":{"line":237,"column":5}},"type":"if","locations":[{"start":{"line":204,"column":4},"end":{"line":237,"column":5}},{"start":{"line":212,"column":11},"end":{"line":237,"column":5}}]},"15":{"loc":{"start":{"line":204,"column":8},"end":{"line":204,"column":47}},"type":"binary-expr","locations":[{"start":{"line":204,"column":8},"end":{"line":204,"column":28}},{"start":{"line":204,"column":32},"end":{"line":204,"column":47}}]},"16":{"loc":{"start":{"line":212,"column":11},"end":{"line":237,"column":5}},"type":"if","locations":[{"start":{"line":212,"column":11},"end":{"line":237,"column":5}},{"start":{"line":220,"column":11},"end":{"line":237,"column":5}}]},"17":{"loc":{"start":{"line":220,"column":11},"end":{"line":237,"column":5}},"type":"if","locations":[{"start":{"line":220,"column":11},"end":{"line":237,"column":5}},{"start":{"line":229,"column":11},"end":{"line":237,"column":5}}]},"18":{"loc":{"start":{"line":240,"column":22},"end":{"line":240,"column":65}},"type":"binary-expr","locations":[{"start":{"line":240,"column":22},"end":{"line":240,"column":40}},{"start":{"line":240,"column":44},"end":{"line":240,"column":65}}]},"19":{"loc":{"start":{"line":242,"column":4},"end":{"line":258,"column":5}},"type":"if","locations":[{"start":{"line":242,"column":4},"end":{"line":258,"column":5}},{"start":{"line":249,"column":11},"end":{"line":258,"column":5}}]},"20":{"loc":{"start":{"line":249,"column":11},"end":{"line":258,"column":5}},"type":"if","locations":[{"start":{"line":249,"column":11},"end":{"line":258,"column":5}},{"start":{"line":251,"column":11},"end":{"line":258,"column":5}}]},"21":{"loc":{"start":{"line":271,"column":2},"end":{"line":271,"column":79}},"type":"if","locations":[{"start":{"line":271,"column":2},"end":{"line":271,"column":79}},{"start":{},"end":{}}]},"22":{"loc":{"start":{"line":272,"column":2},"end":{"line":272,"column":50}},"type":"if","locations":[{"start":{"line":272,"column":2},"end":{"line":272,"column":50}},{"start":{},"end":{}}]},"23":{"loc":{"start":{"line":277,"column":2},"end":{"line":277,"column":80}},"type":"if","locations":[{"start":{"line":277,"column":2},"end":{"line":277,"column":80}},{"start":{},"end":{}}]},"24":{"loc":{"start":{"line":282,"column":2},"end":{"line":284,"column":3}},"type":"if","locations":[{"start":{"line":282,"column":2},"end":{"line":284,"column":3}},{"start":{},"end":{}}]},"25":{"loc":{"start":{"line":294,"column":2},"end":{"line":297,"column":3}},"type":"if","locations":[{"start":{"line":294,"column":2},"end":{"line":297,"column":3}},{"start":{},"end":{}}]},"26":{"loc":{"start":{"line":295,"column":4},"end":{"line":295,"column":63}},"type":"if","locations":[{"start":{"line":295,"column":4},"end":{"line":295,"column":63}},{"start":{},"end":{}}]},"27":{"loc":{"start":{"line":306,"column":2},"end":{"line":306,"column":43}},"type":"if","locations":[{"start":{"line":306,"column":2},"end":{"line":306,"column":43}},{"start":{},"end":{}}]},"28":{"loc":{"start":{"line":314,"column":2},"end":{"line":314,"column":43}},"type":"if","locations":[{"start":{"line":314,"column":2},"end":{"line":314,"column":43}},{"start":{},"end":{}}]}},"s":{"0":2,"1":2,"2":2,"3":2,"4":2,"5":2,"6":2,"7":2,"8":2,"9":2,"10":2,"11":2,"12":2,"13":2,"14":2,"15":2,"16":5,"17":5,"18":5,"19":5,"20":5,"21":0,"22":0,"23":0,"24":0,"25":0,"26":0,"27":0,"28":0,"29":0,"30":0,"31":0,"32":0,"33":0,"34":0,"35":0,"36":0,"37":0,"38":0,"39":0,"40":0,"41":0,"42":0,"43":0,"44":0,"45":0,"46":5,"47":0,"48":5,"49":3,"50":0,"51":3,"52":3,"53":0,"54":0,"55":0,"56":2,"57":2,"58":2,"59":0,"60":0,"61":0,"62":10,"63":5,"64":0,"65":5,"66":0,"67":5,"68":46,"69":0,"70":46,"71":0,"72":0,"73":0,"74":0,"75":0,"76":0,"77":0,"78":0,"79":0,"80":0,"81":0,"82":0,"83":0,"84":0},"f":{"0":2,"1":5,"2":0,"3":0,"4":0,"5":0,"6":0,"7":0,"8":0,"9":0,"10":0,"11":0,"12":0,"13":5,"14":10,"15":5,"16":46,"17":0,"18":0,"19":0,"20":0},"b":{"0":[2,2],"1":[0],"2":[0,0],"3":[0,0],"4":[0,0],"5":[0,0],"6":[0,0],"7":[0,0],"8":[0,0],"9":[0,0],"10":[0,5],"11":[5,5],"12":[3,2],"13":[5,2],"14":[0,3],"15":[3,3],"16":[3,0],"17":[0,0],"18":[2,2],"19":[2,0],"20":[0,0],"21":[0,5],"22":[0,5],"23":[0,46],"24":[0,0],"25":[0,0],"26":[0,0],"27":[0,0],"28":[0,0]}}
,"D:\\Files\\Code\\Picsur\\shared\\src\\util\\parse-mime.ts": {"path":"D:\\Files\\Code\\Picsur\\shared\\src\\util\\parse-mime.ts","statementMap":{"0":{"start":{"line":13,"column":2},"end":{"line":14,"column":79}},"1":{"start":{"line":14,"column":4},"end":{"line":14,"column":79}},"2":{"start":{"line":16,"column":2},"end":{"line":20,"column":6}},"3":{"start":{"line":17,"column":4},"end":{"line":20,"column":6}},"4":{"start":{"line":22,"column":2},"end":{"line":26,"column":6}},"5":{"start":{"line":23,"column":4},"end":{"line":26,"column":6}},"6":{"start":{"line":28,"column":2},"end":{"line":28,"column":57}},"7":{"start":{"line":32,"column":17},"end":{"line":32,"column":34}},"8":{"start":{"line":33,"column":2},"end":{"line":33,"column":39}},"9":{"start":{"line":33,"column":25},"end":{"line":33,"column":39}},"10":{"start":{"line":34,"column":2},"end":{"line":34,"column":31}},"11":{"start":{"line":38,"column":17},"end":{"line":38,"column":36}},"12":{"start":{"line":39,"column":2},"end":{"line":39,"column":39}},"13":{"start":{"line":39,"column":25},"end":{"line":39,"column":39}},"14":{"start":{"line":40,"column":2},"end":{"line":40,"column":31}}},"fnMap":{"0":{"name":"ParseFileType","decl":{"start":{"line":12,"column":16},"end":{"line":12,"column":29}},"loc":{"start":{"line":12,"column":46},"end":{"line":29,"column":1}}},"1":{"name":"ParseExt2FileType","decl":{"start":{"line":31,"column":16},"end":{"line":31,"column":33}},"loc":{"start":{"line":31,"column":45},"end":{"line":35,"column":1}}},"2":{"name":"ParseMime2FileType","decl":{"start":{"line":37,"column":16},"end":{"line":37,"column":34}},"loc":{"start":{"line":37,"column":47},"end":{"line":41,"column":1}}}},"branchMap":{"0":{"loc":{"start":{"line":13,"column":2},"end":{"line":14,"column":79}},"type":"if","locations":[{"start":{"line":13,"column":2},"end":{"line":14,"column":79}},{"start":{},"end":{}}]},"1":{"loc":{"start":{"line":16,"column":2},"end":{"line":20,"column":6}},"type":"if","locations":[{"start":{"line":16,"column":2},"end":{"line":20,"column":6}},{"start":{},"end":{}}]},"2":{"loc":{"start":{"line":22,"column":2},"end":{"line":26,"column":6}},"type":"if","locations":[{"start":{"line":22,"column":2},"end":{"line":26,"column":6}},{"start":{},"end":{}}]},"3":{"loc":{"start":{"line":33,"column":2},"end":{"line":33,"column":39}},"type":"if","locations":[{"start":{"line":33,"column":2},"end":{"line":33,"column":39}},{"start":{},"end":{}}]},"4":{"loc":{"start":{"line":39,"column":2},"end":{"line":39,"column":39}},"type":"if","locations":[{"start":{"line":39,"column":2},"end":{"line":39,"column":39}},{"start":{},"end":{}}]}},"s":{"0":14,"1":3,"2":11,"3":2,"4":9,"5":6,"6":3,"7":0,"8":0,"9":0,"10":0,"11":0,"12":0,"13":0,"14":0},"f":{"0":14,"1":0,"2":0},"b":{"0":[3,11],"1":[2,9],"2":[6,3],"3":[0,0],"4":[0,0]}}
}
