TN:
SF:src\dto\mimes.dto.ts
FN:4,(anonymous_0)
FN:18,(anonymous_1)
FN:24,(anonymous_2)
FN:44,(anonymous_3)
FN:84,(anonymous_4)
FN:86,(anonymous_5)
FN:92,(anonymous_6)
FN:126,(anonymous_7)
FN:127,(anonymous_8)
FN:133,(anonymous_9)
FNF:10
FNH:6
FNDA:2,(anonymous_0)
FNDA:2,(anonymous_1)
FNDA:2,(anonymous_2)
FNDA:2,(anonymous_3)
FNDA:0,(anonymous_4)
FNDA:0,(anonymous_5)
FNDA:7,(anonymous_6)
FNDA:0,(anonymous_7)
FNDA:0,(anonymous_8)
FNDA:7,(anonymous_9)
DA:4,2
DA:5,2
DA:6,2
DA:7,2
DA:8,2
DA:9,2
DA:10,2
DA:11,2
DA:12,2
DA:13,2
DA:14,2
DA:18,2
DA:19,2
DA:20,2
DA:24,2
DA:25,2
DA:26,2
DA:27,2
DA:28,2
DA:29,2
DA:30,2
DA:35,2
DA:36,2
DA:37,2
DA:38,2
DA:44,2
DA:45,2
DA:46,2
DA:47,2
DA:61,2
DA:84,2
DA:85,0
DA:86,0
DA:88,0
DA:89,0
DA:90,0
DA:92,2
DA:93,7
DA:94,7
DA:95,1
DA:96,6
DA:103,2
DA:126,2
DA:127,0
DA:128,0
DA:129,0
DA:130,0
DA:133,2
DA:134,7
DA:135,7
DA:136,1
DA:137,6
LF:52
LH:43
BRDA:4,0,0,2
BRDA:4,0,1,2
BRDA:18,1,0,2
BRDA:18,1,1,2
BRDA:24,2,0,2
BRDA:24,2,1,2
BRDA:44,3,0,2
BRDA:44,3,1,2
BRDA:88,4,0,0
BRDA:88,4,1,0
BRDA:94,5,0,1
BRDA:94,5,1,6
BRDA:128,6,0,0
BRDA:128,6,1,0
BRDA:135,7,0,1
BRDA:135,7,1,6
BRF:16
BRH:12
end_of_record
TN:
SF:src\types\failable.ts
FN:7,(anonymous_0)
FN:114,(anonymous_1)
FN:121,(anonymous_2)
FN:125,(anonymous_3)
FN:129,(anonymous_4)
FN:133,(anonymous_5)
FN:137,(anonymous_6)
FN:143,(anonymous_7)
FN:147,(anonymous_8)
FN:151,(anonymous_9)
FN:176,(anonymous_10)
FN:183,(anonymous_11)
FN:189,(anonymous_12)
FN:198,Fail
FN:262,IsFailure
FN:270,HasFailed
FN:276,HasSuccess
FN:281,ThrowIfFailed
FN:289,FallbackIfFailed
FN:302,Map
FN:310,Open
FNF:21
FNH:6
FNDA:2,(anonymous_0)
FNDA:5,(anonymous_1)
FNDA:0,(anonymous_2)
FNDA:0,(anonymous_3)
FNDA:0,(anonymous_4)
FNDA:0,(anonymous_5)
FNDA:0,(anonymous_6)
FNDA:0,(anonymous_7)
FNDA:0,(anonymous_8)
FNDA:0,(anonymous_9)
FNDA:0,(anonymous_10)
FNDA:0,(anonymous_11)
FNDA:0,(anonymous_12)
FNDA:5,Fail
FNDA:10,IsFailure
FNDA:5,HasFailed
FNDA:46,HasSuccess
FNDA:0,ThrowIfFailed
FNDA:0,FallbackIfFailed
FNDA:0,Map
FNDA:0,Open
DA:7,2
DA:8,2
DA:9,2
DA:10,2
DA:11,2
DA:12,2
DA:13,2
DA:14,2
DA:15,2
DA:16,2
DA:17,2
DA:18,2
DA:19,2
DA:20,2
DA:21,2
DA:38,2
DA:112,5
DA:115,5
DA:116,5
DA:117,5
DA:118,5
DA:122,0
DA:126,0
DA:130,0
DA:134,0
DA:139,0
DA:140,0
DA:144,0
DA:148,0
DA:158,0
DA:160,0
DA:162,0
DA:163,0
DA:165,0
DA:166,0
DA:167,0
DA:168,0
DA:169,0
DA:172,0
DA:177,0
DA:184,0
DA:185,0
DA:186,0
DA:190,0
DA:191,0
DA:194,0
DA:199,5
DA:200,0
DA:203,5
DA:204,3
DA:206,0
DA:212,3
DA:214,3
DA:220,0
DA:223,0
DA:231,0
DA:240,2
DA:242,2
DA:243,2
DA:249,0
DA:250,0
DA:252,0
DA:263,10
DA:271,5
DA:272,5
DA:273,5
DA:277,46
DA:278,46
DA:282,0
DA:283,0
DA:286,0
DA:294,0
DA:295,0
DA:296,0
DA:299,0
DA:306,0
DA:307,0
DA:314,0
DA:315,0
LF:79
LH:35
BRDA:7,0,0,2
BRDA:7,0,1,2
BRDA:115,1,0,0
BRDA:122,2,0,0
BRDA:122,2,1,0
BRDA:160,3,0,0
BRDA:160,3,1,0
BRDA:162,4,0,0
BRDA:162,4,1,0
BRDA:165,5,0,0
BRDA:165,5,1,0
BRDA:165,6,0,0
BRDA:165,6,1,0
BRDA:168,7,0,0
BRDA:168,7,1,0
BRDA:179,8,0,0
BRDA:179,8,1,0
BRDA:190,9,0,0
BRDA:190,9,1,0
BRDA:199,10,0,0
BRDA:199,10,1,5
BRDA:199,11,0,5
BRDA:199,11,1,5
BRDA:203,12,0,3
BRDA:203,12,1,2
BRDA:203,13,0,5
BRDA:203,13,1,2
BRDA:204,14,0,0
BRDA:204,14,1,3
BRDA:204,15,0,3
BRDA:204,15,1,3
BRDA:212,16,0,3
BRDA:212,16,1,0
BRDA:220,17,0,0
BRDA:220,17,1,0
BRDA:240,18,0,2
BRDA:240,18,1,2
BRDA:242,19,0,2
BRDA:242,19,1,0
BRDA:249,20,0,0
BRDA:249,20,1,0
BRDA:271,21,0,0
BRDA:271,21,1,5
BRDA:272,22,0,0
BRDA:272,22,1,5
BRDA:277,23,0,0
BRDA:277,23,1,46
BRDA:282,24,0,0
BRDA:282,24,1,0
BRDA:294,25,0,0
BRDA:294,25,1,0
BRDA:295,26,0,0
BRDA:295,26,1,0
BRDA:306,27,0,0
BRDA:306,27,1,0
BRDA:314,28,0,0
BRDA:314,28,1,0
BRF:57
BRH:19
end_of_record
TN:
SF:src\util\parse-mime.ts
FN:12,ParseFileType
FN:31,ParseExt2FileType
FN:37,ParseMime2FileType
FNF:3
FNH:1
FNDA:14,ParseFileType
FNDA:0,ParseExt2FileType
FNDA:0,ParseMime2FileType
DA:13,14
DA:14,3
DA:16,11
DA:17,2
DA:22,9
DA:23,6
DA:28,3
DA:32,0
DA:33,0
DA:34,0
DA:38,0
DA:39,0
DA:40,0
LF:13
LH:7
BRDA:13,0,0,3
BRDA:13,0,1,11
BRDA:16,1,0,2
BRDA:16,1,1,9
BRDA:22,2,0,6
BRDA:22,2,1,3
BRDA:33,3,0,0
BRDA:33,3,1,0
BRDA:39,4,0,0
BRDA:39,4,1,0
BRF:10
BRH:6
end_of_record
